<?xml version="1.0" encoding="UTF-8"?>
<!-- Generated by org.testng.reporters.JUnitReportReporter -->
<testsuite hostname="DESKTOP-MNQ0ULB" failures="0" tests="2" name="TestPackage.Basics" time="0.014" errors="0" timestamp="2022-09-23T00:27:22 IST" skipped="0">
  <testcase classname="TestPackage.Basics" name="Atest2" time="0.012"/>
  <system-out/>
  <testcase classname="TestPackage.Basics" name="Btest1" time="0.002"/>
  <system-out/>
</testsuite> <!-- TestPackage.Basics -->
