<?xml version="1.0" encoding="UTF-8"?>
<!-- Generated by org.testng.reporters.JUnitReportReporter -->
<testsuite hostname="DESKTOP-MNQ0ULB" failures="0" tests="1" name="TestPackage.Class2" time="0.002" errors="0" timestamp="2022-09-23T00:27:22 IST" skipped="0">
  <testcase classname="TestPackage.Class2" name="Class2Testday3" time="0.002"/>
  <system-out/>
</testsuite> <!-- TestPackage.Class2 -->
